<?xml version="1.0" encoding="UTF-8"?>
<!-- Generated by org.testng.reporters.JUnitXMLReporter -->
<testsuite ignored="0" hostname="Dillya" failures="0" tests="2" name="chromeTest" time="25.561" errors="0" timestamp="2021-11-29T12:35:55 IST">
  <testcase classname="TestClasses.VerifyAmazonOrderList" name="@BeforeMethod verifyLoginToAmazon" time="1.478">
    <failure type="java.io.IOException" message="Your InputStream was neither an OLE2 stream, nor an OOXML stream or you haven&amp;apos;t provide the poi-ooxml*.jar in the classpath/modulepath - FileMagic: OOXML, having providers: [org.apache.poi.hssf.usermodel.HSSFWorkbookFactory@31e72cbc]">
      <![CDATA[java.io.IOException: Your InputStream was neither an OLE2 stream, nor an OOXML stream or you haven't provide the poi-ooxml*.jar in the classpath/modulepath - FileMagic: OOXML, having providers: [org.apache.poi.hssf.usermodel.HSSFWorkbookFactory@31e72cbc]
at org.apache.poi.ss.usermodel.WorkbookFactory.wp(WorkbookFactory.java:309)
at org.apache.poi.ss.usermodel.WorkbookFactory.create(WorkbookFactory.java:208)
at org.apache.poi.ss.usermodel.WorkbookFactory.create(WorkbookFactory.java:172)
at UtilityPackage.UtilityClass.excelSheet(UtilityClass.java:30)
at pomPackage.LoginPage.amazonLogin(LoginPage.java:37)
at TestClasses.VerifyAmazonOrderList.verifyLoginToAmazon(VerifyAmazonOrderList.java:60)
at java.base/java.util.ArrayList.forEach(ArrayList.java:1511)
... Removed 31 stack frames]]>
    </failure>
  </testcase> <!-- @BeforeMethod verifyLoginToAmazon -->
  <testcase classname="TestClasses.VerifyAmazonOrderList" name="@AfterMethod verifyLogOutFromAmazon" time="-1.638169554914E9">
    <skipped/>
  </testcase> <!-- @AfterMethod verifyLogOutFromAmazon -->
  <testcase classname="TestClasses.VerifyAmazonOrderList" name="@BeforeMethod verifyLoginToAmazon" time="-1.638169554922E9">
    <skipped/>
  </testcase> <!-- @BeforeMethod verifyLoginToAmazon -->
  <testcase classname="TestClasses.VerifyAmazonOrderList" name="@AfterMethod verifyLogOutFromAmazon" time="-1.638169554936E9">
    <skipped/>
  </testcase> <!-- @AfterMethod verifyLogOutFromAmazon -->
  <testcase classname="TestClasses.VerifyAmazonOrderList" name="@AfterClass afterClass" time="-1.63816955494E9">
    <skipped/>
  </testcase> <!-- @AfterClass afterClass -->
  <testcase classname="TestClasses.VerifyAmazonOrderList" name="@AfterTest closeBrowser" time="-1.638169554948E9">
    <skipped/>
  </testcase> <!-- @AfterTest closeBrowser -->
  <testcase classname="TestClasses.VerifyAmazonOrderList" name="verifyWishListOfAmazon" time="0.0">
    <skipped/>
  </testcase> <!-- verifyWishListOfAmazon -->
  <testcase classname="TestClasses.VerifyAmazonOrderList" name="verifyYourOrders" time="0.0">
    <skipped/>
  </testcase> <!-- verifyYourOrders -->
</testsuite> <!-- chromeTest -->
