<?xml version="1.0" encoding="UTF-8"?>
<!-- Generated by org.testng.reporters.JUnitXMLReporter -->
<testsuite ignored="0" hostname="Dillya" failures="0" tests="2" name="fireFoxTest" time="0.14" errors="0" timestamp="2021-11-29T12:35:55 IST">
  <testcase classname="TestClasses.VerifyAmazonOrderList" name="@BeforeTest launchBrowser" time="0.001">
    <failure type="java.lang.NullPointerException" message="Cannot invoke &amp;quot;org.openqa.selenium.WebDriver.manage()&amp;quot; because &amp;quot;this.driver&amp;quot; is null">
      <![CDATA[java.lang.NullPointerException: Cannot invoke "org.openqa.selenium.WebDriver.manage()" because "this.driver" is null
at TestClasses.VerifyAmazonOrderList.launchBrowser(VerifyAmazonOrderList.java:42)
... Removed 24 stack frames]]>
    </failure>
  </testcase> <!-- @BeforeTest launchBrowser -->
  <testcase classname="TestClasses.VerifyAmazonOrderList" name="@BeforeClass launchApplication" time="-1.638169555123E9">
    <skipped/>
  </testcase> <!-- @BeforeClass launchApplication -->
  <testcase classname="TestClasses.VerifyAmazonOrderList" name="@BeforeMethod verifyLoginToAmazon" time="-1.63816955513E9">
    <skipped/>
  </testcase> <!-- @BeforeMethod verifyLoginToAmazon -->
  <testcase classname="TestClasses.VerifyAmazonOrderList" name="@AfterMethod verifyLogOutFromAmazon" time="-1.638169555143E9">
    <skipped/>
  </testcase> <!-- @AfterMethod verifyLogOutFromAmazon -->
  <testcase classname="TestClasses.VerifyAmazonOrderList" name="@BeforeMethod verifyLoginToAmazon" time="-1.638169555147E9">
    <skipped/>
  </testcase> <!-- @BeforeMethod verifyLoginToAmazon -->
  <testcase classname="TestClasses.VerifyAmazonOrderList" name="@AfterMethod verifyLogOutFromAmazon" time="-1.638169555158E9">
    <skipped/>
  </testcase> <!-- @AfterMethod verifyLogOutFromAmazon -->
  <testcase classname="TestClasses.VerifyAmazonOrderList" name="@AfterClass afterClass" time="-1.638169555167E9">
    <skipped/>
  </testcase> <!-- @AfterClass afterClass -->
  <testcase classname="TestClasses.VerifyAmazonOrderList" name="@AfterTest closeBrowser" time="-1.638169555175E9">
    <skipped/>
  </testcase> <!-- @AfterTest closeBrowser -->
  <testcase classname="TestClasses.VerifyAmazonOrderList" name="verifyWishListOfAmazon" time="0.0">
    <skipped/>
  </testcase> <!-- verifyWishListOfAmazon -->
  <testcase classname="TestClasses.VerifyAmazonOrderList" name="verifyYourOrders" time="0.0">
    <skipped/>
  </testcase> <!-- verifyYourOrders -->
</testsuite> <!-- fireFoxTest -->
